  [4;36;1mSQL (0.2ms)[0m   [0;1m SELECT name
 FROM sqlite_master
 WHERE type = 'table' AND NOT name = 'sqlite_sequence'
[0m
  [4;35;1mSQL (0.1ms)[0m   [0mselect sqlite_version(*)[0m
  [4;36;1mSQL (2.3ms)[0m   [0;1mCREATE TABLE "schema_migrations" ("version" varchar(255) NOT NULL) [0m
  [4;35;1mSQL (18.1ms)[0m   [0mCREATE UNIQUE INDEX "unique_schema_migrations" ON "schema_migrations" ("version")[0m
  [4;36;1mSQL (0.2ms)[0m   [0;1m SELECT name
 FROM sqlite_master
 WHERE type = 'table' AND NOT name = 'sqlite_sequence'
[0m
  [4;35;1mSQL (0.1ms)[0m   [0mSELECT version FROM schema_migrations[0m
Migrating to CreateUsers (20091206033414)
  [4;36;1mSQL (0.2ms)[0m   [0;1m SELECT name
 FROM sqlite_master
 WHERE type = 'table' AND NOT name = 'sqlite_sequence'
[0m
  [4;35;1mSQL (0.4ms)[0m   [0mCREATE TABLE "users" ("id" INTEGER PRIMARY KEY AUTOINCREMENT NOT NULL, "login" varchar(40), "name" varchar(100) DEFAULT '', "email" varchar(100), "crypted_password" varchar(40), "salt" varchar(40), "created_at" datetime, "updated_at" datetime, "remember_token" varchar(40), "remember_token_expires_at" datetime) [0m
  [4;36;1mSQL (0.4ms)[0m   [0;1mCREATE UNIQUE INDEX "index_users_on_login" ON "users" ("login")[0m
  [4;35;1mSQL (0.1ms)[0m   [0mINSERT INTO schema_migrations (version) VALUES ('20091206033414')[0m
Migrating to CreatePosts (20091206035410)
  [4;36;1mSQL (0.3ms)[0m   [0;1mCREATE TABLE "posts" ("id" INTEGER PRIMARY KEY AUTOINCREMENT NOT NULL, "body" text, "created_at" datetime, "updated_at" datetime) [0m
  [4;35;1mSQL (0.1ms)[0m   [0mINSERT INTO schema_migrations (version) VALUES ('20091206035410')[0m
Migrating to CreateFriends (20091206035443)
  [4;36;1mSQL (0.4ms)[0m   [0;1mCREATE TABLE "friends" ("id" INTEGER PRIMARY KEY AUTOINCREMENT NOT NULL, "name" varchar(255), "domain" varchar(255), "created_at" datetime, "updated_at" datetime) [0m
  [4;35;1mSQL (0.1ms)[0m   [0mINSERT INTO schema_migrations (version) VALUES ('20091206035443')[0m
  [4;36;1mSQL (0.3ms)[0m   [0;1m SELECT name
 FROM sqlite_master
 WHERE type = 'table' AND NOT name = 'sqlite_sequence'
[0m
  [4;35;1mSQL (0.1ms)[0m   [0mSELECT version FROM schema_migrations[0m
  [4;36;1mSQL (0.2ms)[0m   [0;1m SELECT name
 FROM sqlite_master
 WHERE type = 'table' AND NOT name = 'sqlite_sequence'
[0m
  [4;35;1mSQL (0.0ms)[0m   [0mPRAGMA index_list("friends")[0m
  [4;36;1mSQL (0.0ms)[0m   [0;1mPRAGMA index_list("posts")[0m
  [4;35;1mSQL (0.1ms)[0m   [0mPRAGMA index_list("users")[0m
  [4;36;1mSQL (0.1ms)[0m   [0;1mPRAGMA index_info('index_users_on_login')[0m


Processing Rails::InfoController#properties (for 127.0.0.1 at 2009-12-05 20:07:15) [GET]
  [4;36;1mSQL (0.5ms)[0m   [0;1m SELECT name
 FROM sqlite_master
 WHERE type = 'table' AND NOT name = 'sqlite_sequence'
[0m
  [4;35;1mSQL (0.2ms)[0m   [0mSELECT version FROM schema_migrations[0m
Completed in 14ms (View: 2, DB: 1) | 200 OK [http://localhost/rails/info/properties]


Processing SessionsController#new (for 127.0.0.1 at 2009-12-05 20:13:29) [GET]
Rendering sessions/new
Completed in 13ms (View: 11, DB: 0) | 200 OK [http://localhost/login]


Processing ApplicationController#index (for 127.0.0.1 at 2009-12-05 20:13:33) [GET]

ActionController::RoutingError (No route matches "/create" with {:method=>:get}):
  -e:1:in `load'
  -e:1

Rendering rescues/layout (not_found)


Processing UsersController#new (for 127.0.0.1 at 2009-12-05 20:13:52) [GET]
Rendering users/new
Completed in 21ms (View: 8, DB: 0) | 200 OK [http://localhost/signup]


Processing UsersController#create (for 127.0.0.1 at 2009-12-05 20:14:06) [POST]
  Parameters: {"commit"=>"Sign up", "authenticity_token"=>"/dp4Rv16Zs7VHFOlSmaA/mwUjWBGJhFtfLgoSNXtXLI=", "user"=>{"password_confirmation"=>"a3n1m4", "password"=>"a3n1m4", "login"=>"aj", "email"=>"aj@blackboxrepublic.com"}}
  [4;36;1mUser Exists (0.2ms)[0m   [0;1mSELECT "users".id FROM "users" WHERE ("users"."login" = 'aj') LIMIT 1[0m
  [4;35;1mUser Exists (0.1ms)[0m   [0mSELECT "users".id FROM "users" WHERE ("users"."email" = 'aj@blackboxrepublic.com') LIMIT 1[0m
Rendering users/new
Completed in 16ms (View: 2, DB: 0) | 200 OK [http://localhost/users]


Processing UsersController#create (for 127.0.0.1 at 2009-12-05 20:14:14) [POST]
  Parameters: {"commit"=>"Sign up", "authenticity_token"=>"/dp4Rv16Zs7VHFOlSmaA/mwUjWBGJhFtfLgoSNXtXLI=", "user"=>{"password_confirmation"=>"a3n1m4", "password"=>"a3n1m4", "login"=>"ayax", "email"=>"aj@blackboxrepublic.com"}}
  [4;36;1mUser Exists (0.1ms)[0m   [0;1mSELECT "users".id FROM "users" WHERE ("users"."login" = 'ayax') LIMIT 1[0m
  [4;35;1mUser Exists (0.1ms)[0m   [0mSELECT "users".id FROM "users" WHERE ("users"."email" = 'aj@blackboxrepublic.com') LIMIT 1[0m
  [4;36;1mUser Create (0.4ms)[0m   [0;1mINSERT INTO "users" ("name", "salt", "created_at", "crypted_password", "remember_token_expires_at", "updated_at", "remember_token", "login", "email") VALUES('', '09a79b4733fd31b459a67a6ebcecd397c242b218', '2009-12-06 04:14:14', 'a430a1851bc32d6b10a951a2235334f8df01569e', NULL, '2009-12-06 04:14:14', NULL, 'ayax', 'aj@blackboxrepublic.com')[0m
Redirected to http://localhost:3000/
Completed in 23ms (DB: 1) | 302 Found [http://localhost/users]


Processing UsersController#index (for 127.0.0.1 at 2009-12-05 20:14:17) [GET]

ActionController::UnknownAction (No action responded to index. Actions: create and new):
  -e:1:in `load'
  -e:1

Rendering rescues/layout (not_found)


Processing PostsController#index (for 127.0.0.1 at 2009-12-05 20:14:24) [GET]
  [4;35;1mPost Load (0.4ms)[0m   [0mSELECT * FROM "posts" [0m
Rendering template within layouts/posts
Rendering posts/index
Completed in 13ms (View: 7, DB: 0) | 200 OK [http://localhost/posts]
